TEST CASE: 1
1 2 3 4 5 6 7 8 9 10 11 12 13 14 15 
1 2 3 4 5 6 7 8 9 10 11 12 13 14 16 
1 2 3 4 5 6 7 8 9 10 11 12 13 14 
15 16 

       / 1
     / 2
    |  \ 3
   / 4
  | |  / 5
  |  \ 6
  |    \ 7
< 8
  |    / 9
  |  / 10
  | |  \ 11
   \ 12
    |  / 13
     \ 14
       \ 15

       / 1
     / 2
    |  \ 3
   / 4
  | |  / 5
  |  \ 6
  |    \ 7
< 8
  |    / 9
  |  / 10
  | |  \ 11
   \ 12
    |  / 13
     \ 14
       \ 16

       / 1
     / 2
    |  \ 3
   / 4
  | |  / 5
  |  \ 6
  |    \ 7
< 8
  |    / 9
  |  / 10
  | |  \ 11
   \ 12
    |  / 13
     \ 14

< 15
   \ 16

TEST CASE: 2
0 5 9 12 32 34 56 346 999 1014 
12 19 43 55 67 77 81 85 667 999 
12 999 
0 5 9 19 32 34 43 55 56 67 77 81 85 346 667 1014 

   / 0
< 5
  |  / 9
  | |  \ 12
  | |    \ 32
   \ 34
    |  / 56
     \ 346
       \ 999
         \ 1014

       / 12
     / 19
   / 43
  |  \ 55
< 67
  |    / 77
  |  / 81
   \ 85
    |  / 667
     \ 999

< 12
   \ 999

   / 0
< 5
  |  / 9
  | | |  / 19
  | |  \ 32
   \ 34
    |    / 43
    |   |  \ 55
    |  / 56
    | |  \ 67
    | |   |    / 77
    | |   |  / 81
    | |    \ 85
     \ 346
      |  / 667
       \ 1014

TEST CASE: 3
40 45 50 60 65 75 90 100 110 125 
40 45 50 60 65 74 89 99 109 124 
40 45 50 60 65 
74 75 89 90 99 100 109 110 124 125 

       / 40
      |  \ 45
     / 50
    |  \ 60
    |    \ 65
   / 75
  |  \ 90
< 100
  |  / 110
   \ 125

       / 40
      |  \ 45
     / 50
    |  \ 60
    |    \ 65
   / 74
  |  \ 89
< 99
  |  / 109
   \ 124

   / 40
  |  \ 45
< 50
   \ 60
     \ 65

     / 74
   / 75
  | |  / 89
  |  \ 90
  |    \ 99
< 100
  |    / 109
  |  / 110
  | |  \ 124
   \ 125

